Using pre-set license
Built from '2020.3/release' branch; Version is '2020.3.1f1 (77a89f25062f) revision 7841951'; Using compiler version '192528614'; Build Type 'Release'
OS: 'Windows 10 Pro Education; OS build 19042.1288; Version 2009; 64bit' Language: 'es' Physical Memory: 16296 MB
BatchMode: 1, IsHumanControllingUs: 0, StartBugReporterOnCrash: 0, Is64bit: 1, IsPro: 0

 COMMAND LINE ARGUMENTS:
C:\Program Files\Unity\Hub\Editor\2020.3.1f1\Editor\Unity.exe
-adb2
-batchMode
-noUpm
-name
AssetImportWorker0
-projectPath
D:/2º Animacion/DEM/1ªEvaluacion/PR_ZAXXON/PR_ZAXXON_Izquierdo_Agus
-logFile
Logs/AssetImportWorker0.log
-srvPort
53441
Successfully changed project path to: D:/2º Animacion/DEM/1ªEvaluacion/PR_ZAXXON/PR_ZAXXON_Izquierdo_Agus
D:/2º Animacion/DEM/1ªEvaluacion/PR_ZAXXON/PR_ZAXXON_Izquierdo_Agus
Using Asset Import Pipeline V2.
Refreshing native plugins compatible for Editor in 21.93 ms, found 0 plugins.
Preloading 0 native plugins for Editor in 0.00 ms.
Initialize engine version: 2020.3.1f1 (77a89f25062f)
[Subsystems] Discovering subsystems at path C:/Program Files/Unity/Hub/Editor/2020.3.1f1/Editor/Data/Resources/UnitySubsystems
[Subsystems] Discovering subsystems at path D:/2º Animacion/DEM/1ªEvaluacion/PR_ZAXXON/PR_ZAXXON_Izquierdo_Agus/Assets
GfxDevice: creating device client; threaded=0
Direct3D:
    Version:  Direct3D 11.0 [level 11.1]
    Renderer: NVIDIA GeForce GTX 1660 SUPER (ID=0x21c4)
    Vendor:   
    VRAM:     5991 MB
    Driver:   27.21.14.5730
Initialize mono
Mono path[0] = 'C:/Program Files/Unity/Hub/Editor/2020.3.1f1/Editor/Data/Managed'
Mono path[1] = 'C:/Program Files/Unity/Hub/Editor/2020.3.1f1/Editor/Data/MonoBleedingEdge/lib/mono/unityjit'
Mono config path = 'C:/Program Files/Unity/Hub/Editor/2020.3.1f1/Editor/Data/MonoBleedingEdge/etc'
Using monoOptions --debugger-agent=transport=dt_socket,embedding=1,server=y,suspend=n,address=127.0.0.1:56416
Begin MonoManager ReloadAssembly
Registering precompiled unity dll's ...
Register platform support module: C:/Program Files/Unity/Hub/Editor/2020.3.1f1/Editor/Data/PlaybackEngines/WindowsStandaloneSupport/UnityEditor.WindowsStandalone.Extensions.dll
Registered in 0.001478 seconds.
Native extension for WindowsStandalone target not found
Refreshing native plugins compatible for Editor in 21.53 ms, found 0 plugins.
Preloading 0 native plugins for Editor in 0.00 ms.
Invoked RoslynAnalysisRunner static constructor.
RoslynAnalysisRunner will not be running.
RoslynAnalysisRunner has terminated.
Mono: successfully reloaded assembly
- Completed reload, in  1.437 seconds
Platform modules already initialized, skipping
Registering precompiled user dll's ...
Registered in 0.000458 seconds.
Begin MonoManager ReloadAssembly
Native extension for WindowsStandalone target not found
Refreshing native plugins compatible for Editor in 0.20 ms, found 0 plugins.
Preloading 0 native plugins for Editor in 0.00 ms.
Invoked RoslynAnalysisRunner static constructor.
RoslynAnalysisRunner will not be running.
RoslynAnalysisRunner has terminated.
Mono: successfully reloaded assembly
- Completed reload, in  0.701 seconds
Platform modules already initialized, skipping
========================================================================
Worker process is ready to serve import requests
Launched and connected shader compiler UnityShaderCompiler.exe after 0.04 seconds
Refreshing native plugins compatible for Editor in 0.19 ms, found 0 plugins.
Preloading 0 native plugins for Editor in 0.00 ms.
Unloading 1156 Unused Serialized files (Serialized files now loaded: 0)
System memory in use before: 59.3 MB.
System memory in use after: 59.3 MB.

Unloading 10 unused Assets to reduce memory usage. Loaded Objects now: 1604.
Total: 1.627800 ms (FindLiveObjects: 0.115100 ms CreateObjectMapping: 0.030700 ms MarkObjects: 1.418800 ms  DeleteObjects: 0.062500 ms)

========================================================================
Received Import Request.
  path: Assets/FREE Skyboxes - Sci-Fi & Fantasy
  artifactKey: Guid(82d4143de44cafc44b3351a0b41753e2) Importer(815301076,1909f56bfc062723c751e8b465ee728b)
Start importing Assets/FREE Skyboxes - Sci-Fi & Fantasy using Guid(82d4143de44cafc44b3351a0b41753e2) Importer(815301076,1909f56bfc062723c751e8b465ee728b)  -> (artifact id: '362e2318b2d24b45b56bc89334dff210') in 0.009412 seconds
  Import took 0.115286 seconds .

========================================================================
Received Prepare
Registering precompiled user dll's ...
Registered in 0.000610 seconds.
Begin MonoManager ReloadAssembly
Native extension for WindowsStandalone target not found
Refreshing native plugins compatible for Editor in 0.19 ms, found 0 plugins.
Preloading 0 native plugins for Editor in 0.00 ms.
Invoked RoslynAnalysisRunner static constructor.
RoslynAnalysisRunner will not be running.
RoslynAnalysisRunner has terminated.
Mono: successfully reloaded assembly
- Completed reload, in  0.659 seconds
Platform modules already initialized, skipping
Refreshing native plugins compatible for Editor in 0.20 ms, found 0 plugins.
Preloading 0 native plugins for Editor in 0.00 ms.
Unloading 1151 Unused Serialized files (Serialized files now loaded: 0)
System memory in use before: 59.2 MB.
System memory in use after: 59.3 MB.

Unloading 5 unused Assets to reduce memory usage. Loaded Objects now: 1607.
Total: 1.461500 ms (FindLiveObjects: 0.130400 ms CreateObjectMapping: 0.035400 ms MarkObjects: 1.249500 ms  DeleteObjects: 0.045500 ms)

AssetImportWorkerClient::OnTransportError - code=2 error=End of file
